Analysis & Synthesis report for part3
Wed Nov 02 21:14:35 2016
Quartus Prime Version 16.0.0 Build 211 04/27/2016 SJ Lite Edition


---------------------
; Table of Contents ;
---------------------
  1. Legal Notice
  2. Analysis & Synthesis Summary
  3. Analysis & Synthesis Settings
  4. Parallel Compilation
  5. Analysis & Synthesis Source Files Read
  6. Analysis & Synthesis Resource Usage Summary
  7. Analysis & Synthesis Resource Utilization by Entity
  8. State Machine - |part3|y
  9. Registers Removed During Synthesis
 10. General Register Statistics
 11. Multiplexer Restructuring Statistics (Restructuring Performed)
 12. Parameter Settings for User Entity Instance: Top-level Entity: |part3
 13. Parameter Settings for User Entity Instance: letter_to_morse:A1
 14. Post-Synthesis Netlist Statistics for Top Partition
 15. Elapsed Time Per Partition
 16. Analysis & Synthesis Messages
 17. Analysis & Synthesis Suppressed Messages



----------------
; Legal Notice ;
----------------
Copyright (C) 1991-2016 Altera Corporation. All rights reserved.
Your use of Altera Corporation's design tools, logic functions 
and other software and tools, and its AMPP partner logic 
functions, and any output files from any of the foregoing 
(including device programming or simulation files), and any 
associated documentation or information are expressly subject 
to the terms and conditions of the Altera Program License 
Subscription Agreement, the Altera Quartus Prime License Agreement,
the Altera MegaCore Function License Agreement, or other 
applicable license agreement, including, without limitation, 
that your use is for the sole purpose of programming logic 
devices manufactured by Altera and sold by Altera or its 
authorized distributors.  Please refer to the applicable 
agreement for further details.



+-------------------------------------------------------------------------------+
; Analysis & Synthesis Summary                                                  ;
+---------------------------------+---------------------------------------------+
; Analysis & Synthesis Status     ; Successful - Wed Nov 02 21:14:35 2016       ;
; Quartus Prime Version           ; 16.0.0 Build 211 04/27/2016 SJ Lite Edition ;
; Revision Name                   ; part3                                       ;
; Top-level Entity Name           ; part3                                       ;
; Family                          ; Cyclone V                                   ;
; Logic utilization (in ALMs)     ; N/A                                         ;
; Total registers                 ; 35                                          ;
; Total pins                      ; 25                                          ;
; Total virtual pins              ; 0                                           ;
; Total block memory bits         ; 0                                           ;
; Total DSP Blocks                ; 0                                           ;
; Total HSSI RX PCSs              ; 0                                           ;
; Total HSSI PMA RX Deserializers ; 0                                           ;
; Total HSSI TX PCSs              ; 0                                           ;
; Total HSSI PMA TX Serializers   ; 0                                           ;
; Total PLLs                      ; 0                                           ;
; Total DLLs                      ; 0                                           ;
+---------------------------------+---------------------------------------------+


+---------------------------------------------------------------------------------------------------------------------------+
; Analysis & Synthesis Settings                                                                                             ;
+---------------------------------------------------------------------------------+--------------------+--------------------+
; Option                                                                          ; Setting            ; Default Value      ;
+---------------------------------------------------------------------------------+--------------------+--------------------+
; Device                                                                          ; 5CSEMA5F31C6       ;                    ;
; Top-level entity name                                                           ; part3              ; part3              ;
; Family name                                                                     ; Cyclone V          ; Cyclone V          ;
; State Machine Processing                                                        ; User-Encoded       ; Auto               ;
; Use smart compilation                                                           ; Off                ; Off                ;
; Enable parallel Assembler and TimeQuest Timing Analyzer during compilation      ; On                 ; On                 ;
; Enable compact report table                                                     ; Off                ; Off                ;
; Restructure Multiplexers                                                        ; Auto               ; Auto               ;
; MLAB Add Timing Constraints For Mixed-Port Feed-Through Mode Setting Don't Care ; Off                ; Off                ;
; Create Debugging Nodes for IP Cores                                             ; Off                ; Off                ;
; Preserve fewer node names                                                       ; On                 ; On                 ;
; Disable OpenCore Plus hardware evaluation                                       ; Off                ; Off                ;
; Verilog Version                                                                 ; Verilog_2001       ; Verilog_2001       ;
; VHDL Version                                                                    ; VHDL_1993          ; VHDL_1993          ;
; Safe State Machine                                                              ; Off                ; Off                ;
; Extract Verilog State Machines                                                  ; On                 ; On                 ;
; Extract VHDL State Machines                                                     ; On                 ; On                 ;
; Ignore Verilog initial constructs                                               ; Off                ; Off                ;
; Iteration limit for constant Verilog loops                                      ; 5000               ; 5000               ;
; Iteration limit for non-constant Verilog loops                                  ; 250                ; 250                ;
; Add Pass-Through Logic to Inferred RAMs                                         ; On                 ; On                 ;
; Infer RAMs from Raw Logic                                                       ; On                 ; On                 ;
; Parallel Synthesis                                                              ; On                 ; On                 ;
; DSP Block Balancing                                                             ; Auto               ; Auto               ;
; NOT Gate Push-Back                                                              ; On                 ; On                 ;
; Power-Up Don't Care                                                             ; On                 ; On                 ;
; Remove Redundant Logic Cells                                                    ; Off                ; Off                ;
; Remove Duplicate Registers                                                      ; On                 ; On                 ;
; Ignore CARRY Buffers                                                            ; Off                ; Off                ;
; Ignore CASCADE Buffers                                                          ; Off                ; Off                ;
; Ignore GLOBAL Buffers                                                           ; Off                ; Off                ;
; Ignore ROW GLOBAL Buffers                                                       ; Off                ; Off                ;
; Ignore LCELL Buffers                                                            ; Off                ; Off                ;
; Ignore SOFT Buffers                                                             ; On                 ; On                 ;
; Limit AHDL Integers to 32 Bits                                                  ; Off                ; Off                ;
; Optimization Technique                                                          ; Balanced           ; Balanced           ;
; Carry Chain Length                                                              ; 70                 ; 70                 ;
; Auto Carry Chains                                                               ; On                 ; On                 ;
; Auto Open-Drain Pins                                                            ; On                 ; On                 ;
; Perform WYSIWYG Primitive Resynthesis                                           ; Off                ; Off                ;
; Auto ROM Replacement                                                            ; On                 ; On                 ;
; Auto RAM Replacement                                                            ; On                 ; On                 ;
; Auto DSP Block Replacement                                                      ; On                 ; On                 ;
; Auto Shift Register Replacement                                                 ; Auto               ; Auto               ;
; Allow Shift Register Merging across Hierarchies                                 ; Auto               ; Auto               ;
; Auto Clock Enable Replacement                                                   ; On                 ; On                 ;
; Strict RAM Replacement                                                          ; Off                ; Off                ;
; Allow Synchronous Control Signals                                               ; On                 ; On                 ;
; Force Use of Synchronous Clear Signals                                          ; Off                ; Off                ;
; Auto Resource Sharing                                                           ; Off                ; Off                ;
; Allow Any RAM Size For Recognition                                              ; Off                ; Off                ;
; Allow Any ROM Size For Recognition                                              ; Off                ; Off                ;
; Allow Any Shift Register Size For Recognition                                   ; Off                ; Off                ;
; Use LogicLock Constraints during Resource Balancing                             ; On                 ; On                 ;
; Ignore translate_off and synthesis_off directives                               ; Off                ; Off                ;
; Timing-Driven Synthesis                                                         ; On                 ; On                 ;
; Report Parameter Settings                                                       ; On                 ; On                 ;
; Report Source Assignments                                                       ; On                 ; On                 ;
; Report Connectivity Checks                                                      ; On                 ; On                 ;
; Ignore Maximum Fan-Out Assignments                                              ; Off                ; Off                ;
; Synchronization Register Chain Length                                           ; 3                  ; 3                  ;
; PowerPlay Power Optimization During Synthesis                                   ; Normal compilation ; Normal compilation ;
; HDL message level                                                               ; Level2             ; Level2             ;
; Suppress Register Optimization Related Messages                                 ; Off                ; Off                ;
; Number of Removed Registers Reported in Synthesis Report                        ; 5000               ; 5000               ;
; Number of Swept Nodes Reported in Synthesis Report                              ; 5000               ; 5000               ;
; Number of Inverted Registers Reported in Synthesis Report                       ; 100                ; 100                ;
; Clock MUX Protection                                                            ; On                 ; On                 ;
; Auto Gated Clock Conversion                                                     ; Off                ; Off                ;
; Block Design Naming                                                             ; Auto               ; Auto               ;
; SDC constraint protection                                                       ; Off                ; Off                ;
; Synthesis Effort                                                                ; Auto               ; Auto               ;
; Shift Register Replacement - Allow Asynchronous Clear Signal                    ; On                 ; On                 ;
; Pre-Mapping Resynthesis Optimization                                            ; Off                ; Off                ;
; Analysis & Synthesis Message Level                                              ; Medium             ; Medium             ;
; Disable Register Merging Across Hierarchies                                     ; Auto               ; Auto               ;
; Resource Aware Inference For Block RAM                                          ; On                 ; On                 ;
; Synthesis Seed                                                                  ; 1                  ; 1                  ;
; Automatic Parallel Synthesis                                                    ; On                 ; On                 ;
; Partial Reconfiguration Bitstream ID                                            ; Off                ; Off                ;
+---------------------------------------------------------------------------------+--------------------+--------------------+


Parallel compilation was disabled, but you have multiple processors available. Enable parallel compilation to reduce compilation time.
+-------------------------------------+
; Parallel Compilation                ;
+----------------------------+--------+
; Processors                 ; Number ;
+----------------------------+--------+
; Number detected on machine ; 4      ;
; Maximum allowed            ; 1      ;
+----------------------------+--------+


+--------------------------------------------------------------------------------------------------------------------------------+
; Analysis & Synthesis Source Files Read                                                                                         ;
+----------------------------------+-----------------+------------------------+----------------------------------------+---------+
; File Name with User-Entered Path ; Used in Netlist ; File Type              ; File Name with Absolute Path           ; Library ;
+----------------------------------+-----------------+------------------------+----------------------------------------+---------+
; part3.v                          ; yes             ; User Verilog HDL File  ; C:/altera_lite/16.0/Lab6/part3/part3.v ;         ;
+----------------------------------+-----------------+------------------------+----------------------------------------+---------+


+--------------------------------------------------------------+
; Analysis & Synthesis Resource Usage Summary                  ;
+---------------------------------------------+----------------+
; Resource                                    ; Usage          ;
+---------------------------------------------+----------------+
; Estimate of Logic utilization (ALMs needed) ; 33             ;
;                                             ;                ;
; Combinational ALUT usage for logic          ; 55             ;
;     -- 7 input functions                    ; 2              ;
;     -- 6 input functions                    ; 9              ;
;     -- 5 input functions                    ; 7              ;
;     -- 4 input functions                    ; 4              ;
;     -- <=3 input functions                  ; 33             ;
;                                             ;                ;
; Dedicated logic registers                   ; 35             ;
;                                             ;                ;
; I/O pins                                    ; 25             ;
;                                             ;                ;
; Total DSP Blocks                            ; 0              ;
;                                             ;                ;
; Maximum fan-out node                        ; CLOCK_50~input ;
; Maximum fan-out                             ; 35             ;
; Total fan-out                               ; 321            ;
; Average fan-out                             ; 2.29           ;
+---------------------------------------------+----------------+


+-------------------------------------------------------------------------------------------------------------------------------------------------------------------------+
; Analysis & Synthesis Resource Utilization by Entity                                                                                                                     ;
+----------------------------+-------------------+--------------+-------------------+------------+------+--------------+---------------------+-------------+--------------+
; Compilation Hierarchy Node ; LC Combinationals ; LC Registers ; Block Memory Bits ; DSP Blocks ; Pins ; Virtual Pins ; Full Hierarchy Name ; Entity Name ; Library Name ;
+----------------------------+-------------------+--------------+-------------------+------------+------+--------------+---------------------+-------------+--------------+
; |part3                     ; 55 (55)           ; 35 (35)      ; 0                 ; 0          ; 25   ; 0            ; |part3              ; part3       ; work         ;
+----------------------------+-------------------+--------------+-------------------+------------+------+--------------+---------------------+-------------+--------------+
Note: For table entries with two numbers listed, the numbers in parentheses indicate the number of resources of the given type used by the specific entity alone. The numbers listed outside of parentheses indicate the total resources of the given type used by the specific entity and all of its sub-entities in the hierarchy.


Encoding Type:  User-Encoded
+--------------------------+
; State Machine - |part3|y ;
+------+-----+-----+-------+
; Name ; y~4 ; y~3 ; y~2   ;
+------+-----+-----+-------+
; y.A  ; 0   ; 0   ; 0     ;
; y.B  ; 0   ; 0   ; 1     ;
; y.C  ; 0   ; 1   ; 0     ;
; y.D  ; 0   ; 1   ; 1     ;
; y.E  ; 1   ; 0   ; 0     ;
+------+-----+-----+-------+


+--------------------------------------------------------------------------------+
; Registers Removed During Synthesis                                             ;
+---------------------------------------+----------------------------------------+
; Register name                         ; Reason for Removal                     ;
+---------------------------------------+----------------------------------------+
; Q[0]                                  ; Stuck at GND due to stuck port data_in ;
; y~5                                   ; Lost fanout                            ;
; Total Number of Removed Registers = 2 ;                                        ;
+---------------------------------------+----------------------------------------+


+------------------------------------------------------+
; General Register Statistics                          ;
+----------------------------------------------+-------+
; Statistic                                    ; Value ;
+----------------------------------------------+-------+
; Total registers                              ; 35    ;
; Number of registers using Synchronous Clear  ; 29    ;
; Number of registers using Synchronous Load   ; 0     ;
; Number of registers using Asynchronous Clear ; 0     ;
; Number of registers using Asynchronous Load  ; 0     ;
; Number of registers using Clock Enable       ; 6     ;
; Number of registers using Preset             ; 0     ;
+----------------------------------------------+-------+


+------------------------------------------------------------------------------------------------------------------------------------------+
; Multiplexer Restructuring Statistics (Restructuring Performed)                                                                           ;
+--------------------+-----------+---------------+----------------------+------------------------+------------+----------------------------+
; Multiplexer Inputs ; Bus Width ; Baseline Area ; Area if Restructured ; Saving if Restructured ; Registered ; Example Multiplexer Output ;
+--------------------+-----------+---------------+----------------------+------------------------+------------+----------------------------+
; 3:1                ; 26 bits   ; 52 LEs        ; 0 LEs                ; 52 LEs                 ; Yes        ; |part3|count[14]           ;
; 10:1               ; 3 bits    ; 18 LEs        ; 15 LEs               ; 3 LEs                  ; Yes        ; |part3|counter[2]          ;
; 3:1                ; 3 bits    ; 6 LEs         ; 6 LEs                ; 0 LEs                  ; No         ; |part3|y                   ;
+--------------------+-----------+---------------+----------------------+------------------------+------------+----------------------------+


+-----------------------------------------------------------------------+
; Parameter Settings for User Entity Instance: Top-level Entity: |part3 ;
+----------------+-------+----------------------------------------------+
; Parameter Name ; Value ; Type                                         ;
+----------------+-------+----------------------------------------------+
; A              ; 000   ; Unsigned Binary                              ;
; B              ; 001   ; Unsigned Binary                              ;
; C              ; 010   ; Unsigned Binary                              ;
; D              ; 011   ; Unsigned Binary                              ;
; E              ; 100   ; Unsigned Binary                              ;
+----------------+-------+----------------------------------------------+
Note: In order to hide this table in the UI and the text report file, please set the "Show Parameter Settings in Synthesis Report" option in "Analysis and Synthesis Settings -> More Settings" to "Off".


+-----------------------------------------------------------------+
; Parameter Settings for User Entity Instance: letter_to_morse:A1 ;
+----------------+-------+----------------------------------------+
; Parameter Name ; Value ; Type                                   ;
+----------------+-------+----------------------------------------+
; WA             ; 000   ; Unsigned Binary                        ;
; WB             ; 001   ; Unsigned Binary                        ;
; WC             ; 010   ; Unsigned Binary                        ;
; WD             ; 011   ; Unsigned Binary                        ;
; WE             ; 100   ; Unsigned Binary                        ;
; WF             ; 101   ; Unsigned Binary                        ;
; WG             ; 110   ; Unsigned Binary                        ;
; WH             ; 111   ; Unsigned Binary                        ;
+----------------+-------+----------------------------------------+
Note: In order to hide this table in the UI and the text report file, please set the "Show Parameter Settings in Synthesis Report" option in "Analysis and Synthesis Settings -> More Settings" to "Off".


+-----------------------------------------------------+
; Post-Synthesis Netlist Statistics for Top Partition ;
+-----------------------+-----------------------------+
; Type                  ; Count                       ;
+-----------------------+-----------------------------+
; arriav_ff             ; 35                          ;
;     ENA               ; 3                           ;
;     ENA SCLR          ; 3                           ;
;     SCLR              ; 26                          ;
;     plain             ; 3                           ;
; arriav_lcell_comb     ; 57                          ;
;     arith             ; 26                          ;
;         1 data inputs ; 26                          ;
;     extend            ; 2                           ;
;         7 data inputs ; 2                           ;
;     normal            ; 29                          ;
;         0 data inputs ; 1                           ;
;         1 data inputs ; 1                           ;
;         2 data inputs ; 1                           ;
;         3 data inputs ; 6                           ;
;         4 data inputs ; 4                           ;
;         5 data inputs ; 7                           ;
;         6 data inputs ; 9                           ;
; boundary_port         ; 25                          ;
;                       ;                             ;
; Max LUT depth         ; 3.50                        ;
; Average LUT depth     ; 2.68                        ;
+-----------------------+-----------------------------+


+-------------------------------+
; Elapsed Time Per Partition    ;
+----------------+--------------+
; Partition Name ; Elapsed Time ;
+----------------+--------------+
; Top            ; 00:00:00     ;
+----------------+--------------+


+-------------------------------+
; Analysis & Synthesis Messages ;
+-------------------------------+
Info: *******************************************************************
Info: Running Quartus Prime Analysis & Synthesis
    Info: Version 16.0.0 Build 211 04/27/2016 SJ Lite Edition
    Info: Processing started: Wed Nov 02 21:14:21 2016
Info: Command: quartus_map --read_settings_files=on --write_settings_files=off part3 -c part3
Warning (20028): Parallel compilation is not licensed and has been disabled
Info (12021): Found 2 design units, including 2 entities, in source file part3.v
    Info (12023): Found entity 1: part3 File: C:/altera_lite/16.0/Lab6/part3/part3.v Line: 1
    Info (12023): Found entity 2: letter_to_morse File: C:/altera_lite/16.0/Lab6/part3/part3.v Line: 79
Info (12021): Found 0 design units, including 0 entities, in source file counter_half_sec.v
Info (12127): Elaborating entity "part3" for the top level hierarchy
Warning (10230): Verilog HDL assignment warning at part3.v(50): truncated value with size 32 to match size of target (26) File: C:/altera_lite/16.0/Lab6/part3/part3.v Line: 50
Warning (10230): Verilog HDL assignment warning at part3.v(60): truncated value with size 32 to match size of target (3) File: C:/altera_lite/16.0/Lab6/part3/part3.v Line: 60
Warning (10034): Output port "LEDR[9..1]" at part3.v(1) has no driver File: C:/altera_lite/16.0/Lab6/part3/part3.v Line: 1
Info (12128): Elaborating entity "letter_to_morse" for hierarchy "letter_to_morse:A1" File: C:/altera_lite/16.0/Lab6/part3/part3.v Line: 13
Warning (13024): Output pins are stuck at VCC or GND
    Warning (13410): Pin "LEDR[1]" is stuck at GND File: C:/altera_lite/16.0/Lab6/part3/part3.v Line: 1
    Warning (13410): Pin "LEDR[2]" is stuck at GND File: C:/altera_lite/16.0/Lab6/part3/part3.v Line: 1
    Warning (13410): Pin "LEDR[3]" is stuck at GND File: C:/altera_lite/16.0/Lab6/part3/part3.v Line: 1
    Warning (13410): Pin "LEDR[4]" is stuck at GND File: C:/altera_lite/16.0/Lab6/part3/part3.v Line: 1
    Warning (13410): Pin "LEDR[5]" is stuck at GND File: C:/altera_lite/16.0/Lab6/part3/part3.v Line: 1
    Warning (13410): Pin "LEDR[6]" is stuck at GND File: C:/altera_lite/16.0/Lab6/part3/part3.v Line: 1
    Warning (13410): Pin "LEDR[7]" is stuck at GND File: C:/altera_lite/16.0/Lab6/part3/part3.v Line: 1
    Warning (13410): Pin "LEDR[8]" is stuck at GND File: C:/altera_lite/16.0/Lab6/part3/part3.v Line: 1
    Warning (13410): Pin "LEDR[9]" is stuck at GND File: C:/altera_lite/16.0/Lab6/part3/part3.v Line: 1
Info (286030): Timing-Driven Synthesis is running
Info (17049): 1 registers lost all their fanouts during netlist optimizations.
Info (144001): Generated suppressed messages file C:/altera_lite/16.0/Lab6/part3/output_files/part3.map.smsg
Info (16010): Generating hard_block partition "hard_block:auto_generated_inst"
    Info (16011): Adding 0 node(s), including 0 DDIO, 0 PLL, 0 transceiver and 0 LCELL
Warning (21074): Design contains 9 input pin(s) that do not drive logic
    Warning (15610): No output dependent on input pin "SW[3]" File: C:/altera_lite/16.0/Lab6/part3/part3.v Line: 1
    Warning (15610): No output dependent on input pin "SW[4]" File: C:/altera_lite/16.0/Lab6/part3/part3.v Line: 1
    Warning (15610): No output dependent on input pin "SW[5]" File: C:/altera_lite/16.0/Lab6/part3/part3.v Line: 1
    Warning (15610): No output dependent on input pin "SW[6]" File: C:/altera_lite/16.0/Lab6/part3/part3.v Line: 1
    Warning (15610): No output dependent on input pin "SW[7]" File: C:/altera_lite/16.0/Lab6/part3/part3.v Line: 1
    Warning (15610): No output dependent on input pin "SW[8]" File: C:/altera_lite/16.0/Lab6/part3/part3.v Line: 1
    Warning (15610): No output dependent on input pin "SW[9]" File: C:/altera_lite/16.0/Lab6/part3/part3.v Line: 1
    Warning (15610): No output dependent on input pin "KEY[2]" File: C:/altera_lite/16.0/Lab6/part3/part3.v Line: 1
    Warning (15610): No output dependent on input pin "KEY[3]" File: C:/altera_lite/16.0/Lab6/part3/part3.v Line: 1
Info (21057): Implemented 80 device resources after synthesis - the final resource count might be different
    Info (21058): Implemented 15 input pins
    Info (21059): Implemented 10 output pins
    Info (21061): Implemented 55 logic cells
Info: Quartus Prime Analysis & Synthesis was successful. 0 errors, 24 warnings
    Info: Peak virtual memory: 886 megabytes
    Info: Processing ended: Wed Nov 02 21:14:35 2016
    Info: Elapsed time: 00:00:14
    Info: Total CPU time (on all processors): 00:00:30


+------------------------------------------+
; Analysis & Synthesis Suppressed Messages ;
+------------------------------------------+
The suppressed messages can be found in C:/altera_lite/16.0/Lab6/part3/output_files/part3.map.smsg.


