Analysis & Synthesis report for part6
Wed Oct 19 22:10:38 2016
Quartus Prime Version 16.0.0 Build 211 04/27/2016 SJ Lite Edition


---------------------
; Table of Contents ;
---------------------
  1. Legal Notice
  2. Analysis & Synthesis Summary
  3. Analysis & Synthesis Settings
  4. Parallel Compilation
  5. Analysis & Synthesis Source Files Read
  6. Analysis & Synthesis Resource Usage Summary
  7. Analysis & Synthesis Resource Utilization by Entity
  8. User-Specified and Inferred Latches
  9. General Register Statistics
 10. Multiplexer Restructuring Statistics (Restructuring Performed)
 11. Post-Synthesis Netlist Statistics for Top Partition
 12. Elapsed Time Per Partition
 13. Analysis & Synthesis Messages



----------------
; Legal Notice ;
----------------
Copyright (C) 1991-2016 Altera Corporation. All rights reserved.
Your use of Altera Corporation's design tools, logic functions 
and other software and tools, and its AMPP partner logic 
functions, and any output files from any of the foregoing 
(including device programming or simulation files), and any 
associated documentation or information are expressly subject 
to the terms and conditions of the Altera Program License 
Subscription Agreement, the Altera Quartus Prime License Agreement,
the Altera MegaCore Function License Agreement, or other 
applicable license agreement, including, without limitation, 
that your use is for the sole purpose of programming logic 
devices manufactured by Altera and sold by Altera or its 
authorized distributors.  Please refer to the applicable 
agreement for further details.



+-------------------------------------------------------------------------------+
; Analysis & Synthesis Summary                                                  ;
+---------------------------------+---------------------------------------------+
; Analysis & Synthesis Status     ; Successful - Wed Oct 19 22:10:38 2016       ;
; Quartus Prime Version           ; 16.0.0 Build 211 04/27/2016 SJ Lite Edition ;
; Revision Name                   ; part6                                       ;
; Top-level Entity Name           ; part6                                       ;
; Family                          ; Cyclone V                                   ;
; Logic utilization (in ALMs)     ; N/A                                         ;
; Total registers                 ; 30                                          ;
; Total pins                      ; 53                                          ;
; Total virtual pins              ; 0                                           ;
; Total block memory bits         ; 0                                           ;
; Total DSP Blocks                ; 0                                           ;
; Total HSSI RX PCSs              ; 0                                           ;
; Total HSSI PMA RX Deserializers ; 0                                           ;
; Total HSSI TX PCSs              ; 0                                           ;
; Total HSSI PMA TX Serializers   ; 0                                           ;
; Total PLLs                      ; 0                                           ;
; Total DLLs                      ; 0                                           ;
+---------------------------------+---------------------------------------------+


+---------------------------------------------------------------------------------------------------------------------------+
; Analysis & Synthesis Settings                                                                                             ;
+---------------------------------------------------------------------------------+--------------------+--------------------+
; Option                                                                          ; Setting            ; Default Value      ;
+---------------------------------------------------------------------------------+--------------------+--------------------+
; Device                                                                          ; 5CSEMA5F31C6       ;                    ;
; Top-level entity name                                                           ; part6              ; part6              ;
; Family name                                                                     ; Cyclone V          ; Cyclone V          ;
; Use smart compilation                                                           ; Off                ; Off                ;
; Enable parallel Assembler and TimeQuest Timing Analyzer during compilation      ; On                 ; On                 ;
; Enable compact report table                                                     ; Off                ; Off                ;
; Restructure Multiplexers                                                        ; Auto               ; Auto               ;
; MLAB Add Timing Constraints For Mixed-Port Feed-Through Mode Setting Don't Care ; Off                ; Off                ;
; Create Debugging Nodes for IP Cores                                             ; Off                ; Off                ;
; Preserve fewer node names                                                       ; On                 ; On                 ;
; Disable OpenCore Plus hardware evaluation                                       ; Off                ; Off                ;
; Verilog Version                                                                 ; Verilog_2001       ; Verilog_2001       ;
; VHDL Version                                                                    ; VHDL_1993          ; VHDL_1993          ;
; State Machine Processing                                                        ; Auto               ; Auto               ;
; Safe State Machine                                                              ; Off                ; Off                ;
; Extract Verilog State Machines                                                  ; On                 ; On                 ;
; Extract VHDL State Machines                                                     ; On                 ; On                 ;
; Ignore Verilog initial constructs                                               ; Off                ; Off                ;
; Iteration limit for constant Verilog loops                                      ; 5000               ; 5000               ;
; Iteration limit for non-constant Verilog loops                                  ; 250                ; 250                ;
; Add Pass-Through Logic to Inferred RAMs                                         ; On                 ; On                 ;
; Infer RAMs from Raw Logic                                                       ; On                 ; On                 ;
; Parallel Synthesis                                                              ; On                 ; On                 ;
; DSP Block Balancing                                                             ; Auto               ; Auto               ;
; NOT Gate Push-Back                                                              ; On                 ; On                 ;
; Power-Up Don't Care                                                             ; On                 ; On                 ;
; Remove Redundant Logic Cells                                                    ; Off                ; Off                ;
; Remove Duplicate Registers                                                      ; On                 ; On                 ;
; Ignore CARRY Buffers                                                            ; Off                ; Off                ;
; Ignore CASCADE Buffers                                                          ; Off                ; Off                ;
; Ignore GLOBAL Buffers                                                           ; Off                ; Off                ;
; Ignore ROW GLOBAL Buffers                                                       ; Off                ; Off                ;
; Ignore LCELL Buffers                                                            ; Off                ; Off                ;
; Ignore SOFT Buffers                                                             ; On                 ; On                 ;
; Limit AHDL Integers to 32 Bits                                                  ; Off                ; Off                ;
; Optimization Technique                                                          ; Balanced           ; Balanced           ;
; Carry Chain Length                                                              ; 70                 ; 70                 ;
; Auto Carry Chains                                                               ; On                 ; On                 ;
; Auto Open-Drain Pins                                                            ; On                 ; On                 ;
; Perform WYSIWYG Primitive Resynthesis                                           ; Off                ; Off                ;
; Auto ROM Replacement                                                            ; On                 ; On                 ;
; Auto RAM Replacement                                                            ; On                 ; On                 ;
; Auto DSP Block Replacement                                                      ; On                 ; On                 ;
; Auto Shift Register Replacement                                                 ; Auto               ; Auto               ;
; Allow Shift Register Merging across Hierarchies                                 ; Auto               ; Auto               ;
; Auto Clock Enable Replacement                                                   ; On                 ; On                 ;
; Strict RAM Replacement                                                          ; Off                ; Off                ;
; Allow Synchronous Control Signals                                               ; On                 ; On                 ;
; Force Use of Synchronous Clear Signals                                          ; Off                ; Off                ;
; Auto Resource Sharing                                                           ; Off                ; Off                ;
; Allow Any RAM Size For Recognition                                              ; Off                ; Off                ;
; Allow Any ROM Size For Recognition                                              ; Off                ; Off                ;
; Allow Any Shift Register Size For Recognition                                   ; Off                ; Off                ;
; Use LogicLock Constraints during Resource Balancing                             ; On                 ; On                 ;
; Ignore translate_off and synthesis_off directives                               ; Off                ; Off                ;
; Timing-Driven Synthesis                                                         ; On                 ; On                 ;
; Report Parameter Settings                                                       ; On                 ; On                 ;
; Report Source Assignments                                                       ; On                 ; On                 ;
; Report Connectivity Checks                                                      ; On                 ; On                 ;
; Ignore Maximum Fan-Out Assignments                                              ; Off                ; Off                ;
; Synchronization Register Chain Length                                           ; 3                  ; 3                  ;
; PowerPlay Power Optimization During Synthesis                                   ; Normal compilation ; Normal compilation ;
; HDL message level                                                               ; Level2             ; Level2             ;
; Suppress Register Optimization Related Messages                                 ; Off                ; Off                ;
; Number of Removed Registers Reported in Synthesis Report                        ; 5000               ; 5000               ;
; Number of Swept Nodes Reported in Synthesis Report                              ; 5000               ; 5000               ;
; Number of Inverted Registers Reported in Synthesis Report                       ; 100                ; 100                ;
; Clock MUX Protection                                                            ; On                 ; On                 ;
; Auto Gated Clock Conversion                                                     ; Off                ; Off                ;
; Block Design Naming                                                             ; Auto               ; Auto               ;
; SDC constraint protection                                                       ; Off                ; Off                ;
; Synthesis Effort                                                                ; Auto               ; Auto               ;
; Shift Register Replacement - Allow Asynchronous Clear Signal                    ; On                 ; On                 ;
; Pre-Mapping Resynthesis Optimization                                            ; Off                ; Off                ;
; Analysis & Synthesis Message Level                                              ; Medium             ; Medium             ;
; Disable Register Merging Across Hierarchies                                     ; Auto               ; Auto               ;
; Resource Aware Inference For Block RAM                                          ; On                 ; On                 ;
; Synthesis Seed                                                                  ; 1                  ; 1                  ;
; Automatic Parallel Synthesis                                                    ; On                 ; On                 ;
; Partial Reconfiguration Bitstream ID                                            ; Off                ; Off                ;
+---------------------------------------------------------------------------------+--------------------+--------------------+


Parallel compilation was disabled, but you have multiple processors available. Enable parallel compilation to reduce compilation time.
+-------------------------------------+
; Parallel Compilation                ;
+----------------------------+--------+
; Processors                 ; Number ;
+----------------------------+--------+
; Number detected on machine ; 4      ;
; Maximum allowed            ; 1      ;
+----------------------------+--------+


+--------------------------------------------------------------------------------------------------------------------------------+
; Analysis & Synthesis Source Files Read                                                                                         ;
+----------------------------------+-----------------+------------------------+----------------------------------------+---------+
; File Name with User-Entered Path ; Used in Netlist ; File Type              ; File Name with Absolute Path           ; Library ;
+----------------------------------+-----------------+------------------------+----------------------------------------+---------+
; part6.v                          ; yes             ; User Verilog HDL File  ; C:/altera_lite/16.0/Lab5/part6/part6.v ;         ;
+----------------------------------+-----------------+------------------------+----------------------------------------+---------+


+--------------------------------------------------------+
; Analysis & Synthesis Resource Usage Summary            ;
+---------------------------------------------+----------+
; Resource                                    ; Usage    ;
+---------------------------------------------+----------+
; Estimate of Logic utilization (ALMs needed) ; 53       ;
;                                             ;          ;
; Combinational ALUT usage for logic          ; 101      ;
;     -- 7 input functions                    ; 0        ;
;     -- 6 input functions                    ; 5        ;
;     -- 5 input functions                    ; 1        ;
;     -- 4 input functions                    ; 22       ;
;     -- <=3 input functions                  ; 73       ;
;                                             ;          ;
; Dedicated logic registers                   ; 30       ;
;                                             ;          ;
; I/O pins                                    ; 53       ;
;                                             ;          ;
; Total DSP Blocks                            ; 0        ;
;                                             ;          ;
; Maximum fan-out node                        ; Equal0~4 ;
; Maximum fan-out                             ; 30       ;
; Total fan-out                               ; 553      ;
; Average fan-out                             ; 2.33     ;
+---------------------------------------------+----------+


+---------------------------------------------------------------------------------------------------------------------------------------------------------------------------------------+
; Analysis & Synthesis Resource Utilization by Entity                                                                                                                                   ;
+----------------------------+-------------------+--------------+-------------------+------------+------+--------------+-----------------------------+-------------------+--------------+
; Compilation Hierarchy Node ; LC Combinationals ; LC Registers ; Block Memory Bits ; DSP Blocks ; Pins ; Virtual Pins ; Full Hierarchy Name         ; Entity Name       ; Library Name ;
+----------------------------+-------------------+--------------+-------------------+------------+------+--------------+-----------------------------+-------------------+--------------+
; |part6                     ; 101 (71)          ; 30 (0)       ; 0                 ; 0          ; 53   ; 0            ; |part6                      ; part6             ; work         ;
;    |counter_4bit:N0|       ; 4 (4)             ; 4 (4)        ; 0                 ; 0          ; 0    ; 0            ; |part6|counter_4bit:N0      ; counter_4bit      ; work         ;
;    |counter_50million:M0|  ; 26 (26)           ; 26 (26)      ; 0                 ; 0          ; 0    ; 0            ; |part6|counter_50million:M0 ; counter_50million ; work         ;
+----------------------------+-------------------+--------------+-------------------+------------+------+--------------+-----------------------------+-------------------+--------------+
Note: For table entries with two numbers listed, the numbers in parentheses indicate the number of resources of the given type used by the specific entity alone. The numbers listed outside of parentheses indicate the total resources of the given type used by the specific entity and all of its sub-entities in the hierarchy.


+----------------------------------------------------------------------------------------------------+
; User-Specified and Inferred Latches                                                                ;
+-----------------------------------------------------+---------------------+------------------------+
; Latch Name                                          ; Latch Enable Signal ; Free of Timing Hazards ;
+-----------------------------------------------------+---------------------+------------------------+
; HEX5[6]$latch                                       ; GND                 ; yes                    ;
; HEX5[5]$latch                                       ; GND                 ; yes                    ;
; HEX5[4]$latch                                       ; GND                 ; yes                    ;
; HEX5[3]$latch                                       ; GND                 ; yes                    ;
; HEX5[2]$latch                                       ; GND                 ; yes                    ;
; HEX5[1]$latch                                       ; GND                 ; yes                    ;
; HEX5[0]$latch                                       ; GND                 ; yes                    ;
; HEX4[6]$latch                                       ; GND                 ; yes                    ;
; HEX4[5]$latch                                       ; GND                 ; yes                    ;
; HEX4[4]$latch                                       ; GND                 ; yes                    ;
; HEX4[3]$latch                                       ; GND                 ; yes                    ;
; HEX4[2]$latch                                       ; GND                 ; yes                    ;
; HEX4[1]$latch                                       ; GND                 ; yes                    ;
; HEX4[0]$latch                                       ; GND                 ; yes                    ;
; HEX3[6]$latch                                       ; GND                 ; yes                    ;
; HEX3[5]$latch                                       ; GND                 ; yes                    ;
; HEX3[4]$latch                                       ; GND                 ; yes                    ;
; HEX3[3]$latch                                       ; GND                 ; yes                    ;
; HEX3[2]$latch                                       ; GND                 ; yes                    ;
; HEX3[1]$latch                                       ; GND                 ; yes                    ;
; HEX3[0]$latch                                       ; GND                 ; yes                    ;
; HEX2[6]$latch                                       ; GND                 ; yes                    ;
; HEX2[5]$latch                                       ; GND                 ; yes                    ;
; HEX2[4]$latch                                       ; GND                 ; yes                    ;
; HEX2[3]$latch                                       ; GND                 ; yes                    ;
; HEX2[2]$latch                                       ; GND                 ; yes                    ;
; HEX2[1]$latch                                       ; GND                 ; yes                    ;
; HEX2[0]$latch                                       ; GND                 ; yes                    ;
; HEX1[6]$latch                                       ; GND                 ; yes                    ;
; HEX1[5]$latch                                       ; GND                 ; yes                    ;
; HEX1[4]$latch                                       ; GND                 ; yes                    ;
; HEX1[3]$latch                                       ; GND                 ; yes                    ;
; HEX1[2]$latch                                       ; GND                 ; yes                    ;
; HEX1[1]$latch                                       ; GND                 ; yes                    ;
; HEX1[0]$latch                                       ; GND                 ; yes                    ;
; HEX0[6]$latch                                       ; GND                 ; yes                    ;
; HEX0[5]$latch                                       ; GND                 ; yes                    ;
; HEX0[4]$latch                                       ; GND                 ; yes                    ;
; HEX0[3]$latch                                       ; GND                 ; yes                    ;
; HEX0[2]$latch                                       ; GND                 ; yes                    ;
; HEX0[1]$latch                                       ; GND                 ; yes                    ;
; HEX0[0]$latch                                       ; GND                 ; yes                    ;
; Number of user-specified and inferred latches = 42  ;                     ;                        ;
+-----------------------------------------------------+---------------------+------------------------+
Note: All latches listed above may not be present at the end of synthesis due to various synthesis optimizations.


+------------------------------------------------------+
; General Register Statistics                          ;
+----------------------------------------------+-------+
; Statistic                                    ; Value ;
+----------------------------------------------+-------+
; Total registers                              ; 30    ;
; Number of registers using Synchronous Clear  ; 26    ;
; Number of registers using Synchronous Load   ; 0     ;
; Number of registers using Asynchronous Clear ; 30    ;
; Number of registers using Asynchronous Load  ; 0     ;
; Number of registers using Clock Enable       ; 29    ;
; Number of registers using Preset             ; 0     ;
+----------------------------------------------+-------+


+------------------------------------------------------------------------------------------------------------------------------------------+
; Multiplexer Restructuring Statistics (Restructuring Performed)                                                                           ;
+--------------------+-----------+---------------+----------------------+------------------------+------------+----------------------------+
; Multiplexer Inputs ; Bus Width ; Baseline Area ; Area if Restructured ; Saving if Restructured ; Registered ; Example Multiplexer Output ;
+--------------------+-----------+---------------+----------------------+------------------------+------------+----------------------------+
; 3:1                ; 4 bits    ; 8 LEs         ; 8 LEs                ; 0 LEs                  ; No         ; |part6|HEX4[1]             ;
+--------------------+-----------+---------------+----------------------+------------------------+------------+----------------------------+


+-----------------------------------------------------+
; Post-Synthesis Netlist Statistics for Top Partition ;
+-----------------------+-----------------------------+
; Type                  ; Count                       ;
+-----------------------+-----------------------------+
; arriav_ff             ; 30                          ;
;     CLR               ; 1                           ;
;     ENA CLR           ; 3                           ;
;     ENA CLR SCLR      ; 26                          ;
; arriav_lcell_comb     ; 101                         ;
;     arith             ; 26                          ;
;         1 data inputs ; 26                          ;
;     normal            ; 75                          ;
;         1 data inputs ; 1                           ;
;         3 data inputs ; 46                          ;
;         4 data inputs ; 22                          ;
;         5 data inputs ; 1                           ;
;         6 data inputs ; 5                           ;
; boundary_port         ; 53                          ;
;                       ;                             ;
; Max LUT depth         ; 3.50                        ;
; Average LUT depth     ; 2.12                        ;
+-----------------------+-----------------------------+


+-------------------------------+
; Elapsed Time Per Partition    ;
+----------------+--------------+
; Partition Name ; Elapsed Time ;
+----------------+--------------+
; Top            ; 00:00:00     ;
+----------------+--------------+


+-------------------------------+
; Analysis & Synthesis Messages ;
+-------------------------------+
Info: *******************************************************************
Info: Running Quartus Prime Analysis & Synthesis
    Info: Version 16.0.0 Build 211 04/27/2016 SJ Lite Edition
    Info: Processing started: Wed Oct 19 22:10:22 2016
Info: Command: quartus_map --read_settings_files=on --write_settings_files=off part6 -c part6
Warning (20028): Parallel compilation is not licensed and has been disabled
Info (12021): Found 4 design units, including 4 entities, in source file part6.v
    Info (12023): Found entity 1: part6 File: C:/altera_lite/16.0/Lab5/part6/part6.v Line: 1
    Info (12023): Found entity 2: counter_50million File: C:/altera_lite/16.0/Lab5/part6/part6.v Line: 73
    Info (12023): Found entity 3: counter_4bit File: C:/altera_lite/16.0/Lab5/part6/part6.v Line: 84
    Info (12023): Found entity 4: binary_to_7seg_hex File: C:/altera_lite/16.0/Lab5/part6/part6.v Line: 95
Info (12127): Elaborating entity "part6" for the top level hierarchy
Warning (10240): Verilog HDL Always Construct warning at part6.v(15): inferring latch(es) for variable "HEX5", which holds its previous value in one or more paths through the always construct File: C:/altera_lite/16.0/Lab5/part6/part6.v Line: 15
Warning (10240): Verilog HDL Always Construct warning at part6.v(15): inferring latch(es) for variable "HEX3", which holds its previous value in one or more paths through the always construct File: C:/altera_lite/16.0/Lab5/part6/part6.v Line: 15
Warning (10240): Verilog HDL Always Construct warning at part6.v(15): inferring latch(es) for variable "HEX4", which holds its previous value in one or more paths through the always construct File: C:/altera_lite/16.0/Lab5/part6/part6.v Line: 15
Warning (10240): Verilog HDL Always Construct warning at part6.v(15): inferring latch(es) for variable "HEX2", which holds its previous value in one or more paths through the always construct File: C:/altera_lite/16.0/Lab5/part6/part6.v Line: 15
Warning (10240): Verilog HDL Always Construct warning at part6.v(15): inferring latch(es) for variable "HEX1", which holds its previous value in one or more paths through the always construct File: C:/altera_lite/16.0/Lab5/part6/part6.v Line: 15
Warning (10240): Verilog HDL Always Construct warning at part6.v(15): inferring latch(es) for variable "HEX0", which holds its previous value in one or more paths through the always construct File: C:/altera_lite/16.0/Lab5/part6/part6.v Line: 15
Info (10041): Inferred latch for "HEX0[6]" at part6.v(25) File: C:/altera_lite/16.0/Lab5/part6/part6.v Line: 25
Info (10041): Inferred latch for "HEX0[5]" at part6.v(25) File: C:/altera_lite/16.0/Lab5/part6/part6.v Line: 25
Info (10041): Inferred latch for "HEX0[4]" at part6.v(25) File: C:/altera_lite/16.0/Lab5/part6/part6.v Line: 25
Info (10041): Inferred latch for "HEX0[3]" at part6.v(25) File: C:/altera_lite/16.0/Lab5/part6/part6.v Line: 25
Info (10041): Inferred latch for "HEX0[2]" at part6.v(25) File: C:/altera_lite/16.0/Lab5/part6/part6.v Line: 25
Info (10041): Inferred latch for "HEX0[1]" at part6.v(25) File: C:/altera_lite/16.0/Lab5/part6/part6.v Line: 25
Info (10041): Inferred latch for "HEX0[0]" at part6.v(25) File: C:/altera_lite/16.0/Lab5/part6/part6.v Line: 25
Info (10041): Inferred latch for "HEX1[6]" at part6.v(25) File: C:/altera_lite/16.0/Lab5/part6/part6.v Line: 25
Info (10041): Inferred latch for "HEX1[5]" at part6.v(25) File: C:/altera_lite/16.0/Lab5/part6/part6.v Line: 25
Info (10041): Inferred latch for "HEX1[4]" at part6.v(25) File: C:/altera_lite/16.0/Lab5/part6/part6.v Line: 25
Info (10041): Inferred latch for "HEX1[3]" at part6.v(25) File: C:/altera_lite/16.0/Lab5/part6/part6.v Line: 25
Info (10041): Inferred latch for "HEX1[2]" at part6.v(25) File: C:/altera_lite/16.0/Lab5/part6/part6.v Line: 25
Info (10041): Inferred latch for "HEX1[1]" at part6.v(25) File: C:/altera_lite/16.0/Lab5/part6/part6.v Line: 25
Info (10041): Inferred latch for "HEX1[0]" at part6.v(25) File: C:/altera_lite/16.0/Lab5/part6/part6.v Line: 25
Info (10041): Inferred latch for "HEX2[6]" at part6.v(25) File: C:/altera_lite/16.0/Lab5/part6/part6.v Line: 25
Info (10041): Inferred latch for "HEX2[5]" at part6.v(25) File: C:/altera_lite/16.0/Lab5/part6/part6.v Line: 25
Info (10041): Inferred latch for "HEX2[4]" at part6.v(25) File: C:/altera_lite/16.0/Lab5/part6/part6.v Line: 25
Info (10041): Inferred latch for "HEX2[3]" at part6.v(25) File: C:/altera_lite/16.0/Lab5/part6/part6.v Line: 25
Info (10041): Inferred latch for "HEX2[2]" at part6.v(25) File: C:/altera_lite/16.0/Lab5/part6/part6.v Line: 25
Info (10041): Inferred latch for "HEX2[1]" at part6.v(25) File: C:/altera_lite/16.0/Lab5/part6/part6.v Line: 25
Info (10041): Inferred latch for "HEX2[0]" at part6.v(25) File: C:/altera_lite/16.0/Lab5/part6/part6.v Line: 25
Info (10041): Inferred latch for "HEX4[6]" at part6.v(25) File: C:/altera_lite/16.0/Lab5/part6/part6.v Line: 25
Info (10041): Inferred latch for "HEX4[5]" at part6.v(25) File: C:/altera_lite/16.0/Lab5/part6/part6.v Line: 25
Info (10041): Inferred latch for "HEX4[4]" at part6.v(25) File: C:/altera_lite/16.0/Lab5/part6/part6.v Line: 25
Info (10041): Inferred latch for "HEX4[3]" at part6.v(25) File: C:/altera_lite/16.0/Lab5/part6/part6.v Line: 25
Info (10041): Inferred latch for "HEX4[2]" at part6.v(25) File: C:/altera_lite/16.0/Lab5/part6/part6.v Line: 25
Info (10041): Inferred latch for "HEX4[1]" at part6.v(25) File: C:/altera_lite/16.0/Lab5/part6/part6.v Line: 25
Info (10041): Inferred latch for "HEX4[0]" at part6.v(25) File: C:/altera_lite/16.0/Lab5/part6/part6.v Line: 25
Info (10041): Inferred latch for "HEX3[6]" at part6.v(25) File: C:/altera_lite/16.0/Lab5/part6/part6.v Line: 25
Info (10041): Inferred latch for "HEX3[5]" at part6.v(25) File: C:/altera_lite/16.0/Lab5/part6/part6.v Line: 25
Info (10041): Inferred latch for "HEX3[4]" at part6.v(25) File: C:/altera_lite/16.0/Lab5/part6/part6.v Line: 25
Info (10041): Inferred latch for "HEX3[3]" at part6.v(25) File: C:/altera_lite/16.0/Lab5/part6/part6.v Line: 25
Info (10041): Inferred latch for "HEX3[2]" at part6.v(25) File: C:/altera_lite/16.0/Lab5/part6/part6.v Line: 25
Info (10041): Inferred latch for "HEX3[1]" at part6.v(25) File: C:/altera_lite/16.0/Lab5/part6/part6.v Line: 25
Info (10041): Inferred latch for "HEX3[0]" at part6.v(25) File: C:/altera_lite/16.0/Lab5/part6/part6.v Line: 25
Info (10041): Inferred latch for "HEX5[6]" at part6.v(25) File: C:/altera_lite/16.0/Lab5/part6/part6.v Line: 25
Info (10041): Inferred latch for "HEX5[5]" at part6.v(25) File: C:/altera_lite/16.0/Lab5/part6/part6.v Line: 25
Info (10041): Inferred latch for "HEX5[4]" at part6.v(25) File: C:/altera_lite/16.0/Lab5/part6/part6.v Line: 25
Info (10041): Inferred latch for "HEX5[3]" at part6.v(25) File: C:/altera_lite/16.0/Lab5/part6/part6.v Line: 25
Info (10041): Inferred latch for "HEX5[2]" at part6.v(25) File: C:/altera_lite/16.0/Lab5/part6/part6.v Line: 25
Info (10041): Inferred latch for "HEX5[1]" at part6.v(25) File: C:/altera_lite/16.0/Lab5/part6/part6.v Line: 25
Info (10041): Inferred latch for "HEX5[0]" at part6.v(25) File: C:/altera_lite/16.0/Lab5/part6/part6.v Line: 25
Info (12128): Elaborating entity "counter_50million" for hierarchy "counter_50million:M0" File: C:/altera_lite/16.0/Lab5/part6/part6.v Line: 4
Warning (10230): Verilog HDL assignment warning at part6.v(81): truncated value with size 32 to match size of target (26) File: C:/altera_lite/16.0/Lab5/part6/part6.v Line: 81
Info (12128): Elaborating entity "counter_4bit" for hierarchy "counter_4bit:N0" File: C:/altera_lite/16.0/Lab5/part6/part6.v Line: 13
Warning (10230): Verilog HDL assignment warning at part6.v(92): truncated value with size 32 to match size of target (4) File: C:/altera_lite/16.0/Lab5/part6/part6.v Line: 92
Info (286030): Timing-Driven Synthesis is running
Info (16010): Generating hard_block partition "hard_block:auto_generated_inst"
    Info (16011): Adding 0 node(s), including 0 DDIO, 0 PLL, 0 transceiver and 0 LCELL
Warning (21074): Design contains 8 input pin(s) that do not drive logic
    Warning (15610): No output dependent on input pin "SW[2]" File: C:/altera_lite/16.0/Lab5/part6/part6.v Line: 1
    Warning (15610): No output dependent on input pin "SW[3]" File: C:/altera_lite/16.0/Lab5/part6/part6.v Line: 1
    Warning (15610): No output dependent on input pin "SW[4]" File: C:/altera_lite/16.0/Lab5/part6/part6.v Line: 1
    Warning (15610): No output dependent on input pin "SW[5]" File: C:/altera_lite/16.0/Lab5/part6/part6.v Line: 1
    Warning (15610): No output dependent on input pin "SW[6]" File: C:/altera_lite/16.0/Lab5/part6/part6.v Line: 1
    Warning (15610): No output dependent on input pin "SW[7]" File: C:/altera_lite/16.0/Lab5/part6/part6.v Line: 1
    Warning (15610): No output dependent on input pin "SW[8]" File: C:/altera_lite/16.0/Lab5/part6/part6.v Line: 1
    Warning (15610): No output dependent on input pin "SW[9]" File: C:/altera_lite/16.0/Lab5/part6/part6.v Line: 1
Info (21057): Implemented 154 device resources after synthesis - the final resource count might be different
    Info (21058): Implemented 11 input pins
    Info (21059): Implemented 42 output pins
    Info (21061): Implemented 101 logic cells
Info: Quartus Prime Analysis & Synthesis was successful. 0 errors, 18 warnings
    Info: Peak virtual memory: 884 megabytes
    Info: Processing ended: Wed Oct 19 22:10:38 2016
    Info: Elapsed time: 00:00:16
    Info: Total CPU time (on all processors): 00:00:35


